<?xml version="1.0" encoding="UTF-8"?>
<!-- Generated by org.testng.reporters.JUnitReportReporter -->
<testsuite hostname="NTP-LAP-869" failures="0" tests="3" name="com.tech.test.EmployeeTest" time="14.043" errors="0" timestamp="2022-12-16T07:45:57 IST" skipped="0">
  <testcase classname="com.tech.test.EmployeeTest" name="verifyLogin" time="3.259"/>
  <system-out/>
  <testcase classname="com.tech.test.EmployeeTest" name="verifyEmployeeList" time="2.798"/>
  <system-out/>
  <testcase classname="com.tech.test.EmployeeTest" name="verifyAddEmployee" time="7.986"/>
  <system-out/>
</testsuite> <!-- com.tech.test.EmployeeTest -->
